<?xml version="1.0" encoding="UTF-8"?>
<!-- Generated by org.testng.reporters.JUnitReportReporter -->
<testsuite hostname="DESKTOP-BSK1J2J" failures="0" tests="1" name="httpRequests.JSONSchemaValidator" time="1.801" errors="0" timestamp="2022-03-07T17:15:21 EST" skipped="0">
  <testcase classname="httpRequests.JSONSchemaValidator" name="getJSONSchemaValidation" time="1.801"/>
  <system-out/>
</testsuite> <!-- httpRequests.JSONSchemaValidator -->
