<?xml version="1.0" encoding="UTF-8"?>
<!-- Generated by org.testng.reporters.JUnitReportReporter -->
<testsuite hostname="DESKTOP-BSK1J2J" failures="0" tests="1" name="httpRequests.PatchRequests" time="1.027" errors="0" timestamp="2022-03-06T18:18:40 EST" skipped="0">
  <testcase classname="httpRequests.PatchRequests" name="firstPut" time="1.027"/>
  <system-out/>
</testsuite> <!-- httpRequests.PatchRequests -->
