<?xml version="1.0" encoding="UTF-8"?>
<!-- Generated by org.testng.reporters.JUnitReportReporter -->
<testsuite hostname="DESKTOP-BSK1J2J" failures="0" tests="2" name="authenticationAndAuthorization.OAuth2" time="2.252" errors="0" timestamp="2022-03-08T00:02:29 EST" skipped="0">
  <testcase classname="authenticationAndAuthorization.OAuth2" name="accessValidAPI" time="0.349"/>
  <system-out/>
  <testcase classname="authenticationAndAuthorization.OAuth2" name="accessInvalidAPI" time="1.903"/>
  <system-out/>
</testsuite> <!-- authenticationAndAuthorization.OAuth2 -->
