<?xml version="1.0" encoding="UTF-8"?>
<!-- Generated by org.testng.reporters.JUnitReportReporter -->
<testsuite hostname="DESKTOP-BSK1J2J" failures="0" tests="1" name="httpRequests.SoapRequest" time="2.121" errors="0" timestamp="2022-03-07T00:37:48 EST" skipped="0">
  <testcase classname="httpRequests.SoapRequest" name="soapGet" time="2.121"/>
  <system-out/>
</testsuite> <!-- httpRequests.SoapRequest -->
