<?xml version="1.0" encoding="UTF-8"?>
<!-- Generated by org.testng.reporters.JUnitReportReporter -->
<testsuite hostname="DESKTOP-BSK1J2J" failures="0" tests="1" name="httpRequests.PutRequests" time="1.007" errors="0" timestamp="2022-03-06T18:16:29 EST" skipped="0">
  <testcase classname="httpRequests.PutRequests" name="firstPut" time="1.007"/>
  <system-out/>
</testsuite> <!-- httpRequests.PutRequests -->
